Mailer Error: WP_Error Object
(
    [errors] => Array
        (
            [wp_mail_failed] => Array
                (
                    [0] => Could not instantiate mail function.
                )

        )

    [error_data] => Array
        (
            [wp_mail_failed] => Array
                (
                    [to] => Array
                        (
                            [0] => user@example.com
                        )

                    [subject] => [Wishonary] Listing "Manager Social Media" is received
                    [message] => <!DOCTYPE html>
<html lang="en-US">
<head>
<meta http-equiv="Content-Type" content="text/html; charset=UTF-8">
<title>Wishonary</title>
</head>
<body leftmargin="0" marginwidth="0" topmargin="0" marginheight="0" offset="
0">
<div id="wrapper" dir="ltr" style="background-color: #f7f7f7; margin: 0; padding: 70px 0 70px 0; width: 100%; -webkit-text-size-adjust: none;">
    <table border="0" cellpadding="0" cellspacing="0" height="100%" width="100%">
<tr>
<td align="center" valign="top">
                <div id="template_header_image">
					                </div>
                <table border="0" cellpadding="0" cellspacing="0" width="600" id="template_container" style="background-color: #ffffff; border: 1px solid #dedede; box-shadow: 0 1px 4px rgba(0,0,0,0.1); border-radius: 3px;">
<tr>
<td align="center" valign="top">
                            <!-- Header -->
                            <table border="0" cellpadding="0" cellspacing="0" width="600" id="template_header" style='background-color: #0071bd; color: #ffffff; border-bottom: 0; font-weight: bold; line-height: 100%; vertical-align: middle; font-family: "Helvetica Neue", Helvetica, Roboto, Arial, sans-serif; border-radius: 3px 3px 0 0;'><tr>
<td id="header_wrapper" style="padding: 36px 48px; display: block;">
                                        <h1 style='font-family: "Helvetica Neue", Helvetica, Roboto, Arial, sans-serif; font-size: 30px; font-weight: 300; line-height: 150%; margin: 0; text-align: left; text-shadow: 0 1px 0 #338dca; color: #ffffff;'>Your listing is received</h1>
                                    </td>
                                </tr></table>
<!-- End Header -->
</td>
                    </tr>
<tr>
<td align="center" valign="top">
                            <!-- Body -->
                            <table border="0" cellpadding="0" cellspacing="0" width="600" id="template_body"><tr>
<td valign="top" id="body_content" style="background-color: #ffffff;">
                                        <!-- Content -->
                                        <table border="0" cellpadding="20" cellspacing="0" width="100%"><tr>
<td valign="top" style="padding: 48px 48px 0;">
                                                    <div id="body_content_inner" style='color: #636363; font-family: "Helvetica Neue", Helvetica, Roboto, Arial, sans-serif; font-size: 14px; line-height: 150%; text-align: left;'>
    <p style="margin: 0 0 16px;">Hi admin,</p>
    <p style="margin: 0 0 16px;">Your listing <strong>Manager Social Media</strong> has been received and it's pending review. This review process could take up to 48 hours.</p>
															</div>
														</td>
													</tr></table>
<!-- End Content -->
</td>
										</tr></table>
<!-- End Body -->
</td>
							</tr>
</table>
</td>
				</tr>
<tr>
<td align="center" valign="top">
						<!-- Footer -->
						<table border="0" cellpadding="10" cellspacing="0" width="600" id="template_footer"><tr>
<td valign="top" style="padding: 0; -webkit-border-radius: 6px;">
									<table border="0" cellpadding="10" cellspacing="0" width="100%"><tr>
<td colspan="2" valign="middle" id="credit" style="-webkit-border-radius: 6px; border: 0; color: #66aad7; font-family: Arial; font-size: 12px; line-height: 125%; text-align: center; padding: 0 48px 48px 48px;">
																							</td>
										</tr></table>
</td>
							</tr></table>
<!-- End Footer -->
</td>
				</tr>
</table>
</div>
	</body>
</html>

                    [headers] => Array
                        (
                        )

                    [attachments] => Array
                        (
                        )

                    [phpmailer_exception_code] => 2
                )

        )

)

Mailer Error: WP_Error Object
(
    [errors] => Array
        (
            [wp_mail_failed] => Array
                (
                    [0] => Could not instantiate mail function.
                )

        )

    [error_data] => Array
        (
            [wp_mail_failed] => Array
                (
                    [to] => Array
                        (
                            [0] => user@example.com
                        )

                    [subject] => [Wishonary] New Listing received
                    [message] => <!DOCTYPE html>
<html lang="en-US">
<head>
<meta http-equiv="Content-Type" content="text/html; charset=UTF-8">
<title>Wishonary</title>
</head>
<body leftmargin="0" marginwidth="0" topmargin="0" marginheight="0" offset="
0">
<div id="wrapper" dir="ltr" style="background-color: #f7f7f7; margin: 0; padding: 70px 0 70px 0; width: 100%; -webkit-text-size-adjust: none;">
    <table border="0" cellpadding="0" cellspacing="0" height="100%" width="100%">
<tr>
<td align="center" valign="top">
                <div id="template_header_image">
					                </div>
                <table border="0" cellpadding="0" cellspacing="0" width="600" id="template_container" style="background-color: #ffffff; border: 1px solid #dedede; box-shadow: 0 1px 4px rgba(0,0,0,0.1); border-radius: 3px;">
<tr>
<td align="center" valign="top">
                            <!-- Header -->
                            <table border="0" cellpadding="0" cellspacing="0" width="600" id="template_header" style='background-color: #0071bd; color: #ffffff; border-bottom: 0; font-weight: bold; line-height: 100%; vertical-align: middle; font-family: "Helvetica Neue", Helvetica, Roboto, Arial, sans-serif; border-radius: 3px 3px 0 0;'><tr>
<td id="header_wrapper" style="padding: 36px 48px; display: block;">
                                        <h1 style='font-family: "Helvetica Neue", Helvetica, Roboto, Arial, sans-serif; font-size: 30px; font-weight: 300; line-height: 150%; margin: 0; text-align: left; text-shadow: 0 1px 0 #338dca; color: #ffffff;'>New Listing received</h1>
                                    </td>
                                </tr></table>
<!-- End Header -->
</td>
                    </tr>
<tr>
<td align="center" valign="top">
                            <!-- Body -->
                            <table border="0" cellpadding="0" cellspacing="0" width="600" id="template_body"><tr>
<td valign="top" id="body_content" style="background-color: #ffffff;">
                                        <!-- Content -->
                                        <table border="0" cellpadding="20" cellspacing="0" width="100%"><tr>
<td valign="top" style="padding: 48px 48px 0;">
                                                    <div id="body_content_inner" style='color: #636363; font-family: "Helvetica Neue", Helvetica, Roboto, Arial, sans-serif; font-size: 14px; line-height: 150%; text-align: left;'>
    <p style="margin: 0 0 16px;">Hi Administrator,</p>
    <p style="margin: 0 0 16px;">You have received a new listing on the website Wishonary.</p>
    <p style="margin: 0 0 16px;"><strong>Listing :</strong> <a href="http://wishonary.com/?post_type=rtcl_listing&amp;p=1456" style="color: #0071bd; font-weight: normal; text-decoration: underline;">Manager Social Media</a></p>
															</div>
														</td>
													</tr></table>
<!-- End Content -->
</td>
										</tr></table>
<!-- End Body -->
</td>
							</tr>
</table>
</td>
				</tr>
<tr>
<td align="center" valign="top">
						<!-- Footer -->
						<table border="0" cellpadding="10" cellspacing="0" width="600" id="template_footer"><tr>
<td valign="top" style="padding: 0; -webkit-border-radius: 6px;">
									<table border="0" cellpadding="10" cellspacing="0" width="100%"><tr>
<td colspan="2" valign="middle" id="credit" style="-webkit-border-radius: 6px; border: 0; color: #66aad7; font-family: Arial; font-size: 12px; line-height: 125%; text-align: center; padding: 0 48px 48px 48px;">
																							</td>
										</tr></table>
</td>
							</tr></table>
<!-- End Footer -->
</td>
				</tr>
</table>
</div>
	</body>
</html>

                    [headers] => Array
                        (
                        )

                    [attachments] => Array
                        (
                        )

                    [phpmailer_exception_code] => 2
                )

        )

)

Mailer Error: WP_Error Object
(
    [errors] => Array
        (
            [wp_mail_failed] => Array
                (
                    [0] => Could not instantiate mail function.
                )

        )

    [error_data] => Array
        (
            [wp_mail_failed] => Array
                (
                    [to] => Array
                        (
                            [0] => user@example.com
                        )

                    [subject] => [Wishonary] Listing "Manager Social Media" is published
                    [message] => <!DOCTYPE html>
<html lang="en-US">
<head>
<meta http-equiv="Content-Type" content="text/html; charset=UTF-8">
<title>Wishonary</title>
</head>
<body leftmargin="0" marginwidth="0" topmargin="0" marginheight="0" offset="
0">
<div id="wrapper" dir="ltr" style="background-color: #f7f7f7; margin: 0; padding: 70px 0 70px 0; width: 100%; -webkit-text-size-adjust: none;">
    <table border="0" cellpadding="0" cellspacing="0" height="100%" width="100%">
<tr>
<td align="center" valign="top">
                <div id="template_header_image">
					                </div>
                <table border="0" cellpadding="0" cellspacing="0" width="600" id="template_container" style="background-color: #ffffff; border: 1px solid #dedede; box-shadow: 0 1px 4px rgba(0,0,0,0.1); border-radius: 3px;">
<tr>
<td align="center" valign="top">
                            <!-- Header -->
                            <table border="0" cellpadding="0" cellspacing="0" width="600" id="template_header" style='background-color: #0071bd; color: #ffffff; border-bottom: 0; font-weight: bold; line-height: 100%; vertical-align: middle; font-family: "Helvetica Neue", Helvetica, Roboto, Arial, sans-serif; border-radius: 3px 3px 0 0;'><tr>
<td id="header_wrapper" style="padding: 36px 48px; display: block;">
                                        <h1 style='font-family: "Helvetica Neue", Helvetica, Roboto, Arial, sans-serif; font-size: 30px; font-weight: 300; line-height: 150%; margin: 0; text-align: left; text-shadow: 0 1px 0 #338dca; color: #ffffff;'>Your listing is published</h1>
                                    </td>
                                </tr></table>
<!-- End Header -->
</td>
                    </tr>
<tr>
<td align="center" valign="top">
                            <!-- Body -->
                            <table border="0" cellpadding="0" cellspacing="0" width="600" id="template_body"><tr>
<td valign="top" id="body_content" style="background-color: #ffffff;">
                                        <!-- Content -->
                                        <table border="0" cellpadding="20" cellspacing="0" width="100%"><tr>
<td valign="top" style="padding: 48px 48px 0;">
                                                    <div id="body_content_inner" style='color: #636363; font-family: "Helvetica Neue", Helvetica, Roboto, Arial, sans-serif; font-size: 14px; line-height: 150%; text-align: left;'>
    <p style="margin: 0 0 16px;">Hi admin,</p>
    <p style="margin: 0 0 16px;">Your listing <strong>Manager Social Media</strong> is now available at <a href="http://wishonary.com/rtcl_listing/manager-social-media/" style="color: #0071bd; font-weight: normal; text-decoration: underline;">Manager Social Media</a> and can be viewed by the public.</p>
															</div>
														</td>
													</tr></table>
<!-- End Content -->
</td>
										</tr></table>
<!-- End Body -->
</td>
							</tr>
</table>
</td>
				</tr>
<tr>
<td align="center" valign="top">
						<!-- Footer -->
						<table border="0" cellpadding="10" cellspacing="0" width="600" id="template_footer"><tr>
<td valign="top" style="padding: 0; -webkit-border-radius: 6px;">
									<table border="0" cellpadding="10" cellspacing="0" width="100%"><tr>
<td colspan="2" valign="middle" id="credit" style="-webkit-border-radius: 6px; border: 0; color: #66aad7; font-family: Arial; font-size: 12px; line-height: 125%; text-align: center; padding: 0 48px 48px 48px;">
																							</td>
										</tr></table>
</td>
							</tr></table>
<!-- End Footer -->
</td>
				</tr>
</table>
</div>
	</body>
</html>

                    [headers] => Array
                        (
                        )

                    [attachments] => Array
                        (
                        )

                    [phpmailer_exception_code] => 2
                )

        )

)

