2020-04-05T15:46:28+00:00 CRITICAL Uncaught Error: Call to a member function get_formatted_name() on bool in /opt/bitnami/apps/wordpress/htdocs/wp-content/plugins/gf/inc/entry_forms/class-perk-meta-box.php:55
Stack trace:
#0 /opt/bitnami/apps/wordpress/htdocs/wp-admin/includes/template.php(1345): FP_GF_Perk_Meta_Box::galaxy_funder_add_meta_box(Object(WP_Post), Array)
#1 /opt/bitnami/apps/wordpress/htdocs/wp-admin/edit-form-advanced.php(677): do_meta_boxes(Object(WP_Screen), 'normal', Object(WP_Post))
#2 /opt/bitnami/apps/wordpress/htdocs/wp-admin/post.php(206): require('/opt/bitnami/ap...')
#3 {main}

Next Exception: Call to a member function get_formatted_name() on bool in /opt/bitnami/apps/wordpress/htdocs/wp-content/plugins/query-monitor/collectors/php_errors.php:82
Stack trace:
#0 [internal function]: QM_Collector_PHP_Errors->exception_handler(Object(Error))
#1 {main}
  thrown in /opt/bitnami/apps/wordpress/htdocs/wp-content/plugins/query-monitor/collectors/php_errors.php on line 82

2020-04-05T16:24:23+00:00 CRITICAL Uncaught Error: Call to undefined function yz_author_box() in /opt/bitnami/apps/wordpress/htdocs/wp-content/plugins/youzer/includes/public/core/class-yz-header.php:60
Stack trace:
#0 /opt/bitnami/apps/wordpress/htdocs/wp-includes/class-wp-hook.php(287): Youzer_Header->profile_header('')
#1 /opt/bitnami/apps/wordpress/htdocs/wp-includes/class-wp-hook.php(311): WP_Hook->apply_filters(false, Array)
#2 /opt/bitnami/apps/wordpress/htdocs/wp-includes/plugin.php(478): WP_Hook->do_action(Array)
#3 /opt/bitnami/apps/wordpress/htdocs/wp-content/plugins/youzer/includes/public/templates/profile-template.php(21): do_action('youzer_profile_...')
#4 /opt/bitnami/apps/wordpress/htdocs/wp-content/plugins/youzer/includes/public/core/functions/yz-404profile-functions.php(77): include('/opt/bitnami/ap...')
#5 /opt/bitnami/apps/wordpress/htdocs/wp-content/plugins/youzer/includes/public/core/functions/yz-404profile-functions.php(59): yz_404_profile_template()
#6 /opt/bitnami/apps/wordpress/htdocs/wp-includes/class-wp-hook.php(289) in /opt/bitnami/apps/wordpress/htdocs/wp-content/plugins/query-monitor/collectors/php_errors.php on line 82

